{"level":"info","message":"Chatter server listening on port: 2222","timestamp":"2014-11-05T01:32:10.548Z"}
{"level":"info","message":"Chatter server listening on port: 2222","timestamp":"2014-11-05T02:38:00.278Z"}
{"level":"info","message":"Chatter server listening on port: 3000","timestamp":"2014-11-05T05:46:05.329Z"}
{"level":"info","message":"Chatter server listening on port: 3000","timestamp":"2014-11-05T05:48:23.678Z"}
{"level":"info","message":"Chatter server listening on port: 3000","timestamp":"2014-11-06T02:00:40.967Z"}
{"level":"info","message":"Room successfully created! 2459389f58bc674c389f76b544c84f","timestamp":"2014-11-06T02:04:25.138Z"}
{"level":"info","message":"Chatter server listening on port: 2222","timestamp":"2014-11-06T02:11:39.129Z"}
{"level":"info","message":"room b00a6b39fad49d863cab1e5b53ee61 was created","timestamp":"2014-11-06T02:11:46.190Z"}
{"level":"info","message":"Chatter server listening on port: 2222","timestamp":"2014-11-06T02:12:45.023Z"}
{"level":"info","message":"room 8d30e47aa46d4a5b6235596793d8cf was created","timestamp":"2014-11-06T02:12:48.450Z"}
{"level":"info","message":"Chatter server listening on port: 2222","timestamp":"2014-11-06T02:14:35.664Z"}
{"level":"info","message":"room f2fbb2df04960a669b2073ce7e1910 was created","timestamp":"2014-11-06T02:14:37.982Z"}
{"level":"info","message":"Chatter server listening on port: 2222","timestamp":"2014-11-06T02:15:16.574Z"}
{"level":"info","message":"room ebb58c9937c8eb001167e80f8e0f69 was created","timestamp":"2014-11-06T02:15:21.925Z"}
{"level":"info","message":"3b178c6310 joined the room.","timestamp":"2014-11-06T02:15:21.927Z"}
{"level":"info","message":"Chatter server listening on port: 2222","timestamp":"2014-11-06T03:32:32.750Z"}
{"level":"info","message":"Chatter server listening on port: 2222","timestamp":"2014-11-06T03:33:38.397Z"}
{"level":"info","message":"Chatter server listening on port: 2222","timestamp":"2014-11-06T03:46:40.843Z"}
{"level":"info","message":"Chatter server listening on port: 2222","timestamp":"2014-11-06T03:47:14.540Z"}
{"level":"info","message":"Chatter server listening on port: 2222","timestamp":"2014-11-06T03:48:08.952Z"}
{"level":"info","message":"Chatter server listening on port: 2222","timestamp":"2014-11-06T03:48:38.504Z"}
{"level":"info","message":"Chatter server listening on port: 2222","timestamp":"2014-11-06T03:49:22.974Z"}
{"level":"info","message":"Chatter server listening on port: 2222","timestamp":"2014-11-06T03:53:00.235Z"}
{"level":"info","message":"Chatter server listening on port: 2222","timestamp":"2014-11-06T04:01:32.118Z"}
{"level":"info","message":"room 04b649c1e58356c62eb2aedb6302be was created","timestamp":"2014-11-06T04:01:58.649Z"}
{"level":"info","message":"Chatter server listening on port: 2222","timestamp":"2014-11-06T04:06:02.324Z"}
{"level":"info","message":"room ba9fb6de788c748e5e0495dae23ca4 was created","timestamp":"2014-11-06T04:06:08.719Z"}
{"level":"info","message":"Chatter server listening on port: 2222","timestamp":"2014-11-06T04:06:50.049Z"}
{"level":"info","message":"room 918959c31756f5225ada239d144a8a was created","timestamp":"2014-11-06T04:06:55.268Z"}
{"level":"info","message":"Chatter server listening on port: 2222","timestamp":"2014-11-06T04:08:18.666Z"}
{"level":"info","message":"room 1efdda7b5e72e91f8a29bf39168a07 was created","timestamp":"2014-11-06T04:08:23.155Z"}
{"level":"info","message":"Chatter server listening on port: 2222","timestamp":"2014-11-06T04:08:49.120Z"}
{"level":"info","message":"room 903b01d3c8bbab84ca8df67966b242 was created","timestamp":"2014-11-06T04:08:55.046Z"}
{"level":"info","message":"Chatter server listening on port: 2222","timestamp":"2014-11-06T04:11:06.189Z"}
{"level":"info","message":"room 25a01fba7d52aeae592fc15587e923 was created","timestamp":"2014-11-06T04:11:10.681Z"}
{"level":"info","message":"039772ed61 has joined the room.","timestamp":"2014-11-06T04:11:10.683Z"}
{"level":"info","message":"Chatter server listening on port: 2222","timestamp":"2014-11-06T04:20:59.920Z"}
{"level":"info","message":"room fe38255136e0b318a82a151be0a837 was created","timestamp":"2014-11-06T04:21:06.648Z"}
{"level":"info","message":"7425e0da2f has joined the room.","timestamp":"2014-11-06T04:21:06.649Z"}
{"level":"info","message":"Chatter server listening on port: 2222","timestamp":"2014-11-06T04:22:22.809Z"}
{"level":"info","message":"room 51a869d30175da23a7406deba4bc0e was created","timestamp":"2014-11-06T04:22:30.091Z"}
{"level":"info","message":"449ec45a19 has joined the room.","timestamp":"2014-11-06T04:22:30.092Z"}
{"level":"info","message":"Chatter server listening on port: 2222","timestamp":"2014-11-06T04:24:51.201Z"}
{"level":"info","message":"room 4c95e1a5f7c936951360f58c76b2d7 was created","timestamp":"2014-11-06T04:24:58.092Z"}
{"level":"info","message":"195157e125 has joined the room.","timestamp":"2014-11-06T04:24:58.093Z"}
{"level":"info","message":"Chatter server listening on port: 2222","timestamp":"2014-11-06T04:27:18.146Z"}
{"level":"info","message":"room cd11f9dff64ca4274284ba9ef55385 was created","timestamp":"2014-11-06T04:27:25.153Z"}
{"level":"info","message":"1f0d5e75ab has joined the room.","timestamp":"2014-11-06T04:27:25.154Z"}
{"level":"info","message":"Chatter server listening on port: 2222","timestamp":"2014-11-06T04:28:26.528Z"}
{"level":"info","message":"room 9abf5db532b7bdc1f0923e245af2c6 was created","timestamp":"2014-11-06T04:28:32.446Z"}
{"level":"info","message":"c7b5e41c0b has joined the room.","timestamp":"2014-11-06T04:28:32.447Z"}
{"level":"info","message":"Chatter server listening on port: 2222","timestamp":"2014-11-06T04:34:07.068Z"}
{"level":"info","message":"room 184f13327b943adf74a52d9ecc4302 was created","timestamp":"2014-11-06T04:34:15.914Z"}
{"level":"info","message":"165497f280 has joined the room.","timestamp":"2014-11-06T04:34:15.915Z"}
{"level":"info","message":"Chatter server listening on port: 2222","timestamp":"2014-11-06T04:35:28.078Z"}
{"level":"info","message":"room 50142eb196fea611f7999babc60ad5 was created","timestamp":"2014-11-06T04:35:36.515Z"}
{"level":"info","message":"169805a8e5 has joined the room.","timestamp":"2014-11-06T04:35:36.516Z"}
{"level":"info","message":"Chatter server listening on port: 2222","timestamp":"2014-11-06T04:37:44.525Z"}
{"level":"info","message":"room 23718d2c0dd94c6607a6e6f2a363fc was created","timestamp":"2014-11-06T04:37:51.055Z"}
{"level":"info","message":"977601ec83 has joined the room.","timestamp":"2014-11-06T04:37:51.056Z"}
{"level":"info","message":"0f02a2650b has joined the room.","timestamp":"2014-11-06T04:38:02.134Z"}
{"level":"info","message":"Chatter server listening on port: 2222","timestamp":"2014-11-06T04:40:24.049Z"}
{"level":"info","message":"room 5a9fb621c82f2ea6ffa3b35aadae99 was created","timestamp":"2014-11-06T04:40:33.228Z"}
{"level":"info","message":"b093eeadf8 has joined the room.","timestamp":"2014-11-06T04:40:33.229Z"}
{"level":"info","message":"08fbf35baf has joined the room.","timestamp":"2014-11-06T04:40:42.004Z"}
{"level":"info","message":"3b62bc8099 has joined the room.","timestamp":"2014-11-06T04:41:23.313Z"}
{"level":"info","message":"Chatter server listening on port: 3000","timestamp":"2014-11-06T04:44:46.163Z"}
{"level":"info","message":"Chatter server listening on port: 3000","timestamp":"2014-11-06T04:46:11.545Z"}
{"level":"info","message":"Chatter server listening on port: 3000","timestamp":"2014-11-06T04:47:37.844Z"}
{"level":"info","message":"Chatter server listening on port: 3000","timestamp":"2014-11-06T04:48:59.128Z"}
{"level":"info","message":"room f0d35049134aa89b5b7ac764f27eef was created","timestamp":"2014-11-06T04:49:08.845Z"}
{"level":"info","message":"04918637d3 has joined the room.","timestamp":"2014-11-06T04:49:08.846Z"}
{"level":"info","message":"dae6c8ff96 has joined the room.","timestamp":"2014-11-06T04:49:15.145Z"}
